Unity Editor version:    2021.3.16f1 (4016570cf34f)
Branch:                  2021.3/staging
Build type:              Release
Batch mode:              YES
macOS version:           Version 13.2 (Build 22D49)
Darwin version:          22.3.0
Architecture:            arm64
Running under Rosetta:   NO
Available memory:        8192 MB
Using pre-set license
Pro License: YES

COMMAND LINE ARGUMENTS:
/Users/georgegausden/Desktop/Unity/2021.3.16f1/Unity.app/Contents/MacOS/Unity
-adb2
-batchMode
-noUpm
-name
AssetImportWorker1
-projectPath
/Users/georgegausden/Documents/GitHub/Prototype2/Prototype 2
-logFile
Logs/AssetImportWorker1.log
-srvPort
53654
Successfully changed project path to: /Users/georgegausden/Documents/GitHub/Prototype2/Prototype 2
/Users/georgegausden/Documents/GitHub/Prototype2/Prototype 2
[UnityMemory] Configuration Parameters - Can be set up in boot.config
    "memorysetup-bucket-allocator-granularity=16"
    "memorysetup-bucket-allocator-bucket-count=8"
    "memorysetup-bucket-allocator-block-size=33554432"
    "memorysetup-bucket-allocator-block-count=8"
    "memorysetup-main-allocator-block-size=16777216"
    "memorysetup-thread-allocator-block-size=16777216"
    "memorysetup-gfx-main-allocator-block-size=16777216"
    "memorysetup-gfx-thread-allocator-block-size=16777216"
    "memorysetup-cache-allocator-block-size=4194304"
    "memorysetup-typetree-allocator-block-size=2097152"
    "memorysetup-profiler-bucket-allocator-granularity=16"
    "memorysetup-profiler-bucket-allocator-bucket-count=8"
    "memorysetup-profiler-bucket-allocator-block-size=33554432"
    "memorysetup-profiler-bucket-allocator-block-count=8"
    "memorysetup-profiler-allocator-block-size=16777216"
    "memorysetup-profiler-editor-allocator-block-size=1048576"
    "memorysetup-temp-allocator-size-main=16777216"
    "memorysetup-job-temp-allocator-block-size=2097152"
    "memorysetup-job-temp-allocator-block-size-background=1048576"
    "memorysetup-job-temp-allocator-reduction-small-platforms=262144"
    "memorysetup-temp-allocator-size-background-worker=32768"
    "memorysetup-temp-allocator-size-job-worker=262144"
    "memorysetup-temp-allocator-size-preload-manager=33554432"
    "memorysetup-temp-allocator-size-nav-mesh-worker=65536"
    "memorysetup-temp-allocator-size-audio-worker=65536"
    "memorysetup-temp-allocator-size-cloud-worker=32768"
    "memorysetup-temp-allocator-size-gi-baking-worker=262144"
    "memorysetup-temp-allocator-size-gfx=262144"
Player connection [8675262720] Host "[IP] 10.0.0.69 [Port] 0 [Flags] 2 [Guid] 2150887598 [EditorId] 2150887598 [Version] 1048832 [Id] OSXEditor(0,Georges-MacBook-Air.local) [Debug] 1 [PackageName] OSXEditor [ProjectName] Editor" joined multi-casting on [225.0.0.222:54997]...

Player connection [8675262720] Host "[IP] 10.0.0.69 [Port] 0 [Flags] 2 [Guid] 2150887598 [EditorId] 2150887598 [Version] 1048832 [Id] OSXEditor(0,Georges-MacBook-Air.local) [Debug] 1 [PackageName] OSXEditor [ProjectName] Editor" joined alternative multi-casting on [225.0.0.222:34997]...

Refreshing native plugins compatible for Editor in 109.00 ms, found 2 plugins.
Preloading 0 native plugins for Editor in 0.00 ms.
Initialize engine version: 2021.3.16f1 (4016570cf34f)
[Subsystems] Discovering subsystems at path /Users/georgegausden/Desktop/Unity/2021.3.16f1/Unity.app/Contents/Resources/UnitySubsystems
[Subsystems] Discovering subsystems at path /Users/georgegausden/Documents/GitHub/Prototype2/Prototype 2/Assets
GfxDevice: creating device client; threaded=0; jobified=0
 preferred device: Apple M1 (high power)
Metal devices available: 1
0: Apple M1 (high power)
Using device Apple M1 (high power)
Initializing Metal device caps: Apple M1
Initialize mono
Mono path[0] = '/Users/georgegausden/Desktop/Unity/2021.3.16f1/Unity.app/Contents/Managed'
Mono path[1] = '/Users/georgegausden/Desktop/Unity/2021.3.16f1/Unity.app/Contents/MonoBleedingEdge/lib/mono/unityjit-macos'
Mono config path = '/Users/georgegausden/Desktop/Unity/2021.3.16f1/Unity.app/Contents/MonoBleedingEdge/etc'
Using monoOptions --debugger-agent=transport=dt_socket,embedding=1,server=y,suspend=n,address=127.0.0.1:56322
Begin MonoManager ReloadAssembly
Registering precompiled unity dll's ...
Register platform support module: /Users/georgegausden/Desktop/Unity/2021.3.16f1/PlaybackEngines/WebGLSupport/UnityEditor.WebGL.Extensions.dll
Register platform support module: /Users/georgegausden/Desktop/Unity/2021.3.16f1/Unity.app/Contents/PlaybackEngines/MacStandaloneSupport/UnityEditor.OSXStandalone.Extensions.dll
Registered in 0.001756 seconds.
Native extension for OSXStandalone target not found
Native extension for WebGL target not found
Refreshing native plugins compatible for Editor in 109.82 ms, found 2 plugins.
Preloading 0 native plugins for Editor in 0.00 ms.
Mono: successfully reloaded assembly
- Completed reload, in  0.684 seconds
Domain Reload Profiling:
	ReloadAssembly (684ms)
		BeginReloadAssembly (69ms)
			ExecutionOrderSort (0ms)
			DisableScriptedObjects (0ms)
			BackupInstance (0ms)
			ReleaseScriptingObjects (0ms)
			CreateAndSetChildDomain (1ms)
		EndReloadAssembly (513ms)
			LoadAssemblies (69ms)
			RebuildTransferFunctionScriptingTraits (0ms)
			SetupTypeCache (101ms)
			ReleaseScriptCaches (0ms)
			RebuildScriptCaches (31ms)
			SetupLoadedEditorAssemblies (339ms)
				LogAssemblyErrors (0ms)
				InitializePlatformSupportModulesInManaged (6ms)
				SetLoadedEditorAssemblies (0ms)
				RefreshPlugins (110ms)
				BeforeProcessingInitializeOnLoad (1ms)
				ProcessInitializeOnLoadAttributes (160ms)
				ProcessInitializeOnLoadMethodAttributes (62ms)
				AfterProcessingInitializeOnLoad (0ms)
				EditorAssembliesLoaded (0ms)
			ExecutionOrderSort2 (0ms)
			AwakeInstancesAfterBackupRestoration (0ms)
Platform modules already initialized, skipping
Registering precompiled user dll's ...
Registered in 0.011556 seconds.
Begin MonoManager ReloadAssembly
Symbol file LoadedFromMemory doesn't match image /Users/georgegausden/Documents/GitHub/Prototype2/Prototype 2/Library/PackageCache/com.unity.visualscripting@1.7.8/Editor/VisualScripting.Core/Dependencies/YamlDotNet/Unity.VisualScripting.YamlDotNet.dll
Symbol file LoadedFromMemory doesn't match image /Users/georgegausden/Documents/GitHub/Prototype2/Prototype 2/Library/PackageCache/com.unity.visualscripting@1.7.8/Editor/VisualScripting.Core/Dependencies/DotNetZip/Unity.VisualScripting.IonicZip.dll
Native extension for OSXStandalone target not found
Native extension for WebGL target not found
Refreshing native plugins compatible for Editor in 0.43 ms, found 2 plugins.
Preloading 0 native plugins for Editor in 0.00 ms.
Mono: successfully reloaded assembly
- Completed reload, in  1.262 seconds
Domain Reload Profiling:
	ReloadAssembly (1262ms)
		BeginReloadAssembly (145ms)
			ExecutionOrderSort (0ms)
			DisableScriptedObjects (8ms)
			BackupInstance (0ms)
			ReleaseScriptingObjects (0ms)
			CreateAndSetChildDomain (43ms)
		EndReloadAssembly (870ms)
			LoadAssemblies (140ms)
			RebuildTransferFunctionScriptingTraits (0ms)
			SetupTypeCache (316ms)
			ReleaseScriptCaches (1ms)
			RebuildScriptCaches (48ms)
			SetupLoadedEditorAssemblies (342ms)
				LogAssemblyErrors (0ms)
				InitializePlatformSupportModulesInManaged (4ms)
				SetLoadedEditorAssemblies (0ms)
				RefreshPlugins (0ms)
				BeforeProcessingInitializeOnLoad (88ms)
				ProcessInitializeOnLoadAttributes (226ms)
				ProcessInitializeOnLoadMethodAttributes (22ms)
				AfterProcessingInitializeOnLoad (2ms)
				EditorAssembliesLoaded (0ms)
			ExecutionOrderSort2 (0ms)
			AwakeInstancesAfterBackupRestoration (3ms)
Platform modules already initialized, skipping
========================================================================
Worker process is ready to serve import requests
Launching external process: /Users/georgegausden/Desktop/Unity/2021.3.16f1/Unity.app/Contents/Tools/UnityShaderCompiler
Launched and connected shader compiler UnityShaderCompiler after 0.08 seconds
Refreshing native plugins compatible for Editor in 0.59 ms, found 2 plugins.
Preloading 0 native plugins for Editor in 0.00 ms.
Unloading 3362 Unused Serialized files (Serialized files now loaded: 0)
Unloading 28 unused Assets / (0.6 MB). Loaded Objects now: 3820.
Memory consumption went from 111.1 MB to 110.5 MB.
Total: 3.309792 ms (FindLiveObjects: 0.155291 ms CreateObjectMapping: 0.064083 ms MarkObjects: 2.864208 ms  DeleteObjects: 0.225333 ms)

AssetImportParameters requested are different than current active one (requested -> active):
  custom:video-decoder-ogg-theora: a1e56fd34408186e4bbccfd4996cb3dc -> 
  custom:container-muxer-webm: aa71ff27fc2769a1b78a27578f13a17b -> 
  custom:container-demuxer-webm: 4f35f7cbe854078d1ac9338744f61a02 -> 
  custom:video-encoder-webm-vp8: eb34c28f22e8b96e1ab97ce403110664 -> 
  custom:framework-osx-AVFoundation: e770b220cccbd017edd2c1fefb359320 -> 
  custom:audio-encoder-webm-vorbis: bf7c407c2cedff20999df2af8eb42d56 -> 
  custom:container-demuxer-ogg: 62fdf1f143b41e24485cea50d1cbac27 -> 
  custom:video-decoder-webm-vp8: 9c59270c3fd7afecdb556c50c9e8de78 -> 
  custom:audio-decoder-ogg-vorbis: bf7c407c2cedff20999df2af8eb42d56 -> 
========================================================================
Received Import Request.
  Time since last request: 190111.925991 seconds.
  path: Assets/Planets of the Solar System 3D/Prefabs/Asteroids Sphere.prefab
  artifactKey: Guid(05f83c52d1bc44293a6b0b2bee748289) Importer(815301076,1909f56bfc062723c751e8b465ee728b)
Start importing Assets/Planets of the Solar System 3D/Prefabs/Asteroids Sphere.prefab using Guid(05f83c52d1bc44293a6b0b2bee748289) Importer(815301076,1909f56bfc062723c751e8b465ee728b)  -> (artifact id: 'd5093045de70f5ec524f0b914082e168') in 0.190819 seconds 
========================================================================
Received Import Request.
  Time since last request: 0.000061 seconds.
  path: Assets/Planets of the Solar System 3D/Prefabs/Jupiter.prefab
  artifactKey: Guid(7e4bfb3c6ba1d4bc4ba31d585abdae0f) Importer(815301076,1909f56bfc062723c751e8b465ee728b)
Start importing Assets/Planets of the Solar System 3D/Prefabs/Jupiter.prefab using Guid(7e4bfb3c6ba1d4bc4ba31d585abdae0f) Importer(815301076,1909f56bfc062723c751e8b465ee728b)  -> (artifact id: '757422c6e85a6621b956911dd4b17b27') in 0.047440 seconds 
========================================================================
Received Import Request.
  Time since last request: 0.000071 seconds.
  path: Assets/Planets of the Solar System 3D/Prefabs/Mercury.prefab
  artifactKey: Guid(ab152f61198d54532ae39108e616ff59) Importer(815301076,1909f56bfc062723c751e8b465ee728b)
Start importing Assets/Planets of the Solar System 3D/Prefabs/Mercury.prefab using Guid(ab152f61198d54532ae39108e616ff59) Importer(815301076,1909f56bfc062723c751e8b465ee728b)  -> (artifact id: 'f7a20defb2692963e60531246e964bbc') in 0.015716 seconds 
========================================================================
Received Import Request.
  Time since last request: 0.000076 seconds.
  path: Assets/Planets of the Solar System 3D/Prefabs/Sun.prefab
  artifactKey: Guid(5f776740c447e45afb25edbca842de92) Importer(815301076,1909f56bfc062723c751e8b465ee728b)
Start importing Assets/Planets of the Solar System 3D/Prefabs/Sun.prefab using Guid(5f776740c447e45afb25edbca842de92) Importer(815301076,1909f56bfc062723c751e8b465ee728b)  -> (artifact id: '51d8b0b9c7183e86deb4515ab28a554b') in 0.013625 seconds 
========================================================================
Received Import Request.
  Time since last request: 0.000052 seconds.
  path: Assets/Planets of the Solar System 3D/Prefabs/Saturn.prefab
  artifactKey: Guid(b4201d402613a4464b35c805dafcca62) Importer(815301076,1909f56bfc062723c751e8b465ee728b)
Start importing Assets/Planets of the Solar System 3D/Prefabs/Saturn.prefab using Guid(b4201d402613a4464b35c805dafcca62) Importer(815301076,1909f56bfc062723c751e8b465ee728b)  -> (artifact id: 'a3210456c44f2f384e403946b1644e73') in 0.016593 seconds 
========================================================================
Received Import Request.
  Time since last request: 0.000075 seconds.
  path: Assets/Planets of the Solar System 3D/Prefabs/Uranus.prefab
  artifactKey: Guid(c91342f6e3afc48fd958056404ead345) Importer(815301076,1909f56bfc062723c751e8b465ee728b)
Start importing Assets/Planets of the Solar System 3D/Prefabs/Uranus.prefab using Guid(c91342f6e3afc48fd958056404ead345) Importer(815301076,1909f56bfc062723c751e8b465ee728b)  -> (artifact id: 'be3914738b60e99e5952cb438c0e76c8') in 0.013134 seconds 
========================================================================
Received Import Request.
  Time since last request: 0.000083 seconds.
  path: Assets/Planets of the Solar System 3D/Prefabs/Moon.prefab
  artifactKey: Guid(f9a741bb8762344c6a2a9cb4217ef728) Importer(815301076,1909f56bfc062723c751e8b465ee728b)
Start importing Assets/Planets of the Solar System 3D/Prefabs/Moon.prefab using Guid(f9a741bb8762344c6a2a9cb4217ef728) Importer(815301076,1909f56bfc062723c751e8b465ee728b)  -> (artifact id: '976683cdfe9d0cd2c0849baed3f03920') in 0.008036 seconds 
========================================================================
Received Import Request.
  Time since last request: 4.075547 seconds.
  path: Assets/Planets of the Solar System 3D/Geometry/Earth.fbx
  artifactKey: Guid(1d1efd74961b744cca932e0880b5eb4d) Importer(815301076,1909f56bfc062723c751e8b465ee728b)
Start importing Assets/Planets of the Solar System 3D/Geometry/Earth.fbx using Guid(1d1efd74961b744cca932e0880b5eb4d) Importer(815301076,1909f56bfc062723c751e8b465ee728b)  -> (artifact id: 'b1098880a91a9c6b41a6d966e2f3923a') in 0.092094 seconds 
========================================================================
Received Import Request.
  Time since last request: 0.000049 seconds.
  path: Assets/Planets of the Solar System 3D/Geometry/Earth_Lod.fbx
  artifactKey: Guid(277a4092b6ae84cc6970d7a21ac55f7f) Importer(815301076,1909f56bfc062723c751e8b465ee728b)
Start importing Assets/Planets of the Solar System 3D/Geometry/Earth_Lod.fbx using Guid(277a4092b6ae84cc6970d7a21ac55f7f) Importer(815301076,1909f56bfc062723c751e8b465ee728b)  -> (artifact id: 'f6cf8706b30aa4ec3b7a8b0c2a412192') in 0.019235 seconds 
========================================================================
Received Import Request.
  Time since last request: 0.000036 seconds.
  path: Assets/Planets of the Solar System 3D/Geometry/Ring.fbx
  artifactKey: Guid(8aa4a8814028a42fea37772e41f89781) Importer(815301076,1909f56bfc062723c751e8b465ee728b)
Start importing Assets/Planets of the Solar System 3D/Geometry/Ring.fbx using Guid(8aa4a8814028a42fea37772e41f89781) Importer(815301076,1909f56bfc062723c751e8b465ee728b)  -> (artifact id: '6ee743f9d6ccf2349132bbf444f69ee4') in 0.015481 seconds 
========================================================================
Received Import Request.
  Time since last request: 20.105908 seconds.
  path: Assets/Planets of the Solar System 3D/Materials/Sun FX.mat
  artifactKey: Guid(82479439eac344631aaef1977dcaf8eb) Importer(815301076,1909f56bfc062723c751e8b465ee728b)
Start importing Assets/Planets of the Solar System 3D/Materials/Sun FX.mat using Guid(82479439eac344631aaef1977dcaf8eb) Importer(815301076,1909f56bfc062723c751e8b465ee728b)  -> (artifact id: '6d3d5204d3d20c4372870cdab3742627') in 0.069799 seconds 
========================================================================
Received Import Request.
  Time since last request: 0.000068 seconds.
  path: Assets/Planets of the Solar System 3D/Materials/URP_Mars_2k.mat
  artifactKey: Guid(8a5995a14cffc46c9946c25b14f7c26c) Importer(815301076,1909f56bfc062723c751e8b465ee728b)
Start importing Assets/Planets of the Solar System 3D/Materials/URP_Mars_2k.mat using Guid(8a5995a14cffc46c9946c25b14f7c26c) Importer(815301076,1909f56bfc062723c751e8b465ee728b)  -> (artifact id: 'a9ca4f522c031671f79699ad4d97afda') in 0.008681 seconds 
========================================================================
Received Import Request.
  Time since last request: 0.000064 seconds.
  path: Assets/Planets of the Solar System 3D/Materials/URP_Saturn_Lod.mat
  artifactKey: Guid(b50a4cf008d5346299340465ad3583f7) Importer(815301076,1909f56bfc062723c751e8b465ee728b)
Start importing Assets/Planets of the Solar System 3D/Materials/URP_Saturn_Lod.mat using Guid(b50a4cf008d5346299340465ad3583f7) Importer(815301076,1909f56bfc062723c751e8b465ee728b)  -> (artifact id: '1825aaac403aaa8da949318e511516e3') in 0.010753 seconds 
========================================================================
Received Import Request.
  Time since last request: 0.000060 seconds.
  path: Assets/Planets of the Solar System 3D/Materials/URP_Asteroid.mat
  artifactKey: Guid(b5ead511677a448758f7cd3c61b8e557) Importer(815301076,1909f56bfc062723c751e8b465ee728b)
Start importing Assets/Planets of the Solar System 3D/Materials/URP_Asteroid.mat using Guid(b5ead511677a448758f7cd3c61b8e557) Importer(815301076,1909f56bfc062723c751e8b465ee728b)  -> (artifact id: 'f664e3974d0e9eb8ff578257df3a6245') in 0.012182 seconds 
========================================================================
Received Import Request.
  Time since last request: 0.000058 seconds.
  path: Assets/Planets of the Solar System 3D/Materials/URP_Pluto_Lod.mat
  artifactKey: Guid(811507dbca1de47c08d812bfcf368fd5) Importer(815301076,1909f56bfc062723c751e8b465ee728b)
Start importing Assets/Planets of the Solar System 3D/Materials/URP_Pluto_Lod.mat using Guid(811507dbca1de47c08d812bfcf368fd5) Importer(815301076,1909f56bfc062723c751e8b465ee728b)  -> (artifact id: 'dbc440182c65ccadfb09acff4410f675') in 0.010579 seconds 
========================================================================
Received Import Request.
  Time since last request: 0.000056 seconds.
  path: Assets/Planets of the Solar System 3D/Materials/URP_Saturn_2k.mat
  artifactKey: Guid(3b93dc7ab96024123abc24e04ca01e32) Importer(815301076,1909f56bfc062723c751e8b465ee728b)
Start importing Assets/Planets of the Solar System 3D/Materials/URP_Saturn_2k.mat using Guid(3b93dc7ab96024123abc24e04ca01e32) Importer(815301076,1909f56bfc062723c751e8b465ee728b)  -> (artifact id: '75118268e6ae1751f7d8ebd72e040192') in 0.007605 seconds 
========================================================================
Received Import Request.
  Time since last request: 0.000056 seconds.
  path: Assets/Planets of the Solar System 3D/Materials/URP_Saturn_Ring.mat
  artifactKey: Guid(e35abc06097ca4fcda800d7ee918a9cb) Importer(815301076,1909f56bfc062723c751e8b465ee728b)
Start importing Assets/Planets of the Solar System 3D/Materials/URP_Saturn_Ring.mat using Guid(e35abc06097ca4fcda800d7ee918a9cb) Importer(815301076,1909f56bfc062723c751e8b465ee728b)  -> (artifact id: 'ddb8835dd64bf82cc3cad658a349fd80') in 0.009486 seconds 
========================================================================
Received Import Request.
  Time since last request: 0.000046 seconds.
  path: Assets/Planets of the Solar System 3D/Materials/URP_Mars_Lod.mat
  artifactKey: Guid(9a4f43f54cabf468ba39d389732e09f0) Importer(815301076,1909f56bfc062723c751e8b465ee728b)
Start importing Assets/Planets of the Solar System 3D/Materials/URP_Mars_Lod.mat using Guid(9a4f43f54cabf468ba39d389732e09f0) Importer(815301076,1909f56bfc062723c751e8b465ee728b)  -> (artifact id: 'f44c706ce94c7da6fb16847a871f21e0') in 0.010857 seconds 
========================================================================
Received Import Request.
  Time since last request: 0.000068 seconds.
  path: Assets/Planets of the Solar System 3D/Materials/URP_Uranus_2k.mat
  artifactKey: Guid(7d7d4e53bd1724858a2c2e5923290ccc) Importer(815301076,1909f56bfc062723c751e8b465ee728b)
Start importing Assets/Planets of the Solar System 3D/Materials/URP_Uranus_2k.mat using Guid(7d7d4e53bd1724858a2c2e5923290ccc) Importer(815301076,1909f56bfc062723c751e8b465ee728b)  -> (artifact id: '08171fc839feeffba604bcd59f635a3b') in 0.008856 seconds 
========================================================================
Received Import Request.
  Time since last request: 0.000060 seconds.
  path: Assets/Planets of the Solar System 3D/Materials/URP_Neptune_Lod.mat
  artifactKey: Guid(b5bad6a4e27f8409898cc9791fcc860a) Importer(815301076,1909f56bfc062723c751e8b465ee728b)
Start importing Assets/Planets of the Solar System 3D/Materials/URP_Neptune_Lod.mat using Guid(b5bad6a4e27f8409898cc9791fcc860a) Importer(815301076,1909f56bfc062723c751e8b465ee728b)  -> (artifact id: '51951051c4fbc6a035ed52dd2f04ad0f') in 0.010058 seconds 
========================================================================
Received Import Request.
  Time since last request: 0.000051 seconds.
  path: Assets/Planets of the Solar System 3D/Materials/URP_Earth_Lod.mat
  artifactKey: Guid(57efe82f80f0e41ceba1f93b5c0054e4) Importer(815301076,1909f56bfc062723c751e8b465ee728b)
Start importing Assets/Planets of the Solar System 3D/Materials/URP_Earth_Lod.mat using Guid(57efe82f80f0e41ceba1f93b5c0054e4) Importer(815301076,1909f56bfc062723c751e8b465ee728b)  -> (artifact id: 'fe41480f31f90b6617e5a50ee12ea18d') in 0.010300 seconds 
========================================================================
Received Import Request.
  Time since last request: 0.000071 seconds.
  path: Assets/Planets of the Solar System 3D/Materials/URP_Sun_Smoke.mat
  artifactKey: Guid(6a153e0b17949482b8dc5f75d33fce33) Importer(815301076,1909f56bfc062723c751e8b465ee728b)
Start importing Assets/Planets of the Solar System 3D/Materials/URP_Sun_Smoke.mat using Guid(6a153e0b17949482b8dc5f75d33fce33) Importer(815301076,1909f56bfc062723c751e8b465ee728b)  -> (artifact id: '6e214652fea9525f161335ca72ce0d01') in 0.006062 seconds 
========================================================================
Received Import Request.
  Time since last request: 0.000057 seconds.
  path: Assets/Planets of the Solar System 3D/Materials/URP_Jupiter_2k.mat
  artifactKey: Guid(957a2e19e0e14495fbce6467614c3e43) Importer(815301076,1909f56bfc062723c751e8b465ee728b)
Start importing Assets/Planets of the Solar System 3D/Materials/URP_Jupiter_2k.mat using Guid(957a2e19e0e14495fbce6467614c3e43) Importer(815301076,1909f56bfc062723c751e8b465ee728b)  -> (artifact id: 'a41b697a7216a7437862fabdcc8339f3') in 0.007613 seconds 
========================================================================
Received Import Request.
  Time since last request: 0.000086 seconds.
  path: Assets/Planets of the Solar System 3D/Materials/URP_Sun.mat
  artifactKey: Guid(1e14bb05546c54c5592fd7918d09db74) Importer(815301076,1909f56bfc062723c751e8b465ee728b)
Start importing Assets/Planets of the Solar System 3D/Materials/URP_Sun.mat using Guid(1e14bb05546c54c5592fd7918d09db74) Importer(815301076,1909f56bfc062723c751e8b465ee728b)  -> (artifact id: 'e3b9c51d9a6f5057219726895a6e2df5') in 0.005859 seconds 
========================================================================
Received Import Request.
  Time since last request: 0.000080 seconds.
  path: Assets/Planets of the Solar System 3D/Materials/URP_Venus_Lod.mat
  artifactKey: Guid(91d202aeca59041238b6784ce9aecde4) Importer(815301076,1909f56bfc062723c751e8b465ee728b)
Start importing Assets/Planets of the Solar System 3D/Materials/URP_Venus_Lod.mat using Guid(91d202aeca59041238b6784ce9aecde4) Importer(815301076,1909f56bfc062723c751e8b465ee728b)  -> (artifact id: '025e925dfad88659376104177f474bc4') in 0.013090 seconds 
========================================================================
Received Import Request.
  Time since last request: 0.000085 seconds.
  path: Assets/Planets of the Solar System 3D/Materials/URP_Moon_Lod.mat
  artifactKey: Guid(948fe8f7d46f84bfaa54cc429a563b9d) Importer(815301076,1909f56bfc062723c751e8b465ee728b)
Start importing Assets/Planets of the Solar System 3D/Materials/URP_Moon_Lod.mat using Guid(948fe8f7d46f84bfaa54cc429a563b9d) Importer(815301076,1909f56bfc062723c751e8b465ee728b)  -> (artifact id: '53d962fd23627a958f6830f8d9a5110a') in 0.010787 seconds 
========================================================================
Received Import Request.
  Time since last request: 16.073529 seconds.
  path: Assets/Planets of the Solar System 3D/Textures/Planets/Earth_4k.png
  artifactKey: Guid(0367c6e3b2e814b1b8c10f37ab658fb9) Importer(815301076,1909f56bfc062723c751e8b465ee728b)
Start importing Assets/Planets of the Solar System 3D/Textures/Planets/Earth_4k.png using Guid(0367c6e3b2e814b1b8c10f37ab658fb9) Importer(815301076,1909f56bfc062723c751e8b465ee728b)  -> (artifact id: 'fef0bb37d2d2d14d9e526e510cedd869') in 0.066012 seconds 
========================================================================
Received Import Request.
  Time since last request: 0.000062 seconds.
  path: Assets/Planets of the Solar System 3D/Textures/Planets/Mercury_Lod.png
  artifactKey: Guid(37071c04cf8964e609d0b9777a4e7430) Importer(815301076,1909f56bfc062723c751e8b465ee728b)
Start importing Assets/Planets of the Solar System 3D/Textures/Planets/Mercury_Lod.png using Guid(37071c04cf8964e609d0b9777a4e7430) Importer(815301076,1909f56bfc062723c751e8b465ee728b)  -> (artifact id: 'd971acc3e4bc34ec2758fd2c3a50e340') in 0.011296 seconds 
========================================================================
Received Import Request.
  Time since last request: 0.000061 seconds.
  path: Assets/Planets of the Solar System 3D/Textures/Planets/Jupiter_2k.png
  artifactKey: Guid(2f1708834aabb4bd582abee7638e4da5) Importer(815301076,1909f56bfc062723c751e8b465ee728b)
Start importing Assets/Planets of the Solar System 3D/Textures/Planets/Jupiter_2k.png using Guid(2f1708834aabb4bd582abee7638e4da5) Importer(815301076,1909f56bfc062723c751e8b465ee728b)  -> (artifact id: 'cde7168e64177f58edc40d6b424aa1e5') in 0.006528 seconds 
========================================================================
Received Import Request.
  Time since last request: 0.000050 seconds.
  path: Assets/Planets of the Solar System 3D/Textures/Planets/Saturn_Ring.png
  artifactKey: Guid(7bd0cab026ec84d0facda1bb6ef5818d) Importer(815301076,1909f56bfc062723c751e8b465ee728b)
Start importing Assets/Planets of the Solar System 3D/Textures/Planets/Saturn_Ring.png using Guid(7bd0cab026ec84d0facda1bb6ef5818d) Importer(815301076,1909f56bfc062723c751e8b465ee728b)  -> (artifact id: '54308ae6c4af30ed8ad96a93a0195bb6') in 0.007749 seconds 
========================================================================
Received Import Request.
  Time since last request: 0.000099 seconds.
  path: Assets/Planets of the Solar System 3D/Textures/Planets/Neptune_2k.png
  artifactKey: Guid(7fa5ce735aa1b4408a20b98a30f0dad4) Importer(815301076,1909f56bfc062723c751e8b465ee728b)
Start importing Assets/Planets of the Solar System 3D/Textures/Planets/Neptune_2k.png using Guid(7fa5ce735aa1b4408a20b98a30f0dad4) Importer(815301076,1909f56bfc062723c751e8b465ee728b)  -> (artifact id: '7f0acb0d6a5daa20e14dad3380f903ef') in 0.007963 seconds 
========================================================================
Received Import Request.
  Time since last request: 0.000065 seconds.
  path: Assets/Planets of the Solar System 3D/Textures/Planets/Earth_Lod.png
  artifactKey: Guid(5557d027e948d4b6194fccc5771b4fe6) Importer(815301076,1909f56bfc062723c751e8b465ee728b)
Start importing Assets/Planets of the Solar System 3D/Textures/Planets/Earth_Lod.png using Guid(5557d027e948d4b6194fccc5771b4fe6) Importer(815301076,1909f56bfc062723c751e8b465ee728b)  -> (artifact id: 'f43bdcea3681e1030a8ccf3c153353fc') in 0.010403 seconds 
========================================================================
Received Import Request.
  Time since last request: 0.000060 seconds.
  path: Assets/Planets of the Solar System 3D/Textures/Planets/Neptune_Lod.png
  artifactKey: Guid(9da00a53a276d4b90a364b29d8b0f57f) Importer(815301076,1909f56bfc062723c751e8b465ee728b)
Start importing Assets/Planets of the Solar System 3D/Textures/Planets/Neptune_Lod.png using Guid(9da00a53a276d4b90a364b29d8b0f57f) Importer(815301076,1909f56bfc062723c751e8b465ee728b)  -> (artifact id: '4b382efa75d548649e5ca3a38180ace5') in 0.010370 seconds 
========================================================================
Received Import Request.
  Time since last request: 0.000055 seconds.
  path: Assets/Planets of the Solar System 3D/Textures/Planets/Mars_Lod.png
  artifactKey: Guid(1132202edabc645f8812784febe5f3f1) Importer(815301076,1909f56bfc062723c751e8b465ee728b)
Start importing Assets/Planets of the Solar System 3D/Textures/Planets/Mars_Lod.png using Guid(1132202edabc645f8812784febe5f3f1) Importer(815301076,1909f56bfc062723c751e8b465ee728b)  -> (artifact id: 'f2da40f2ad9a1103575b3947c78de5b7') in 0.012624 seconds 
========================================================================
Received Import Request.
  Time since last request: 0.000067 seconds.
  path: Assets/Planets of the Solar System 3D/Textures/Planets/Saturn_2k.png
  artifactKey: Guid(642e5534a95f84daca32f0fcf0fa6c74) Importer(815301076,1909f56bfc062723c751e8b465ee728b)
Start importing Assets/Planets of the Solar System 3D/Textures/Planets/Saturn_2k.png using Guid(642e5534a95f84daca32f0fcf0fa6c74) Importer(815301076,1909f56bfc062723c751e8b465ee728b)  -> (artifact id: '3bb61fc317b3cdcb7d9adec7e73cbb90') in 0.009317 seconds 
========================================================================
Received Import Request.
  Time since last request: 21.963734 seconds.
  path: Assets/Planets of the Solar System 3D/Settings/POTSS_UniversalRP.asset
  artifactKey: Guid(f82cf8e8434b44cca827dfd78aaa01f0) Importer(815301076,1909f56bfc062723c751e8b465ee728b)
Start importing Assets/Planets of the Solar System 3D/Settings/POTSS_UniversalRP.asset using Guid(f82cf8e8434b44cca827dfd78aaa01f0) Importer(815301076,1909f56bfc062723c751e8b465ee728b)  -> (artifact id: '2dc44160fa87478a7f1b538218d83cf7') in 0.046032 seconds 
========================================================================
Received Prepare
Registering precompiled user dll's ...
Registered in 0.003610 seconds.
Begin MonoManager ReloadAssembly
Thread 0x17e29f000 may have been prematurely finalized
Symbol file LoadedFromMemory doesn't match image /Users/georgegausden/Documents/GitHub/Prototype2/Prototype 2/Library/PackageCache/com.unity.visualscripting@1.7.8/Editor/VisualScripting.Core/Dependencies/YamlDotNet/Unity.VisualScripting.YamlDotNet.dll
Symbol file LoadedFromMemory doesn't match image /Users/georgegausden/Documents/GitHub/Prototype2/Prototype 2/Library/PackageCache/com.unity.visualscripting@1.7.8/Editor/VisualScripting.Core/Dependencies/DotNetZip/Unity.VisualScripting.IonicZip.dll
Native extension for OSXStandalone target not found
Native extension for WebGL target not found
Refreshing native plugins compatible for Editor in 0.99 ms, found 2 plugins.
Preloading 0 native plugins for Editor in 0.00 ms.
Mono: successfully reloaded assembly
- Completed reload, in  1.286 seconds
Domain Reload Profiling:
	ReloadAssembly (1287ms)
		BeginReloadAssembly (215ms)
			ExecutionOrderSort (0ms)
			DisableScriptedObjects (11ms)
			BackupInstance (0ms)
			ReleaseScriptingObjects (0ms)
			CreateAndSetChildDomain (104ms)
		EndReloadAssembly (915ms)
			LoadAssemblies (130ms)
			RebuildTransferFunctionScriptingTraits (0ms)
			SetupTypeCache (394ms)
			ReleaseScriptCaches (3ms)
			RebuildScriptCaches (45ms)
			SetupLoadedEditorAssemblies (307ms)
				LogAssemblyErrors (0ms)
				InitializePlatformSupportModulesInManaged (10ms)
				SetLoadedEditorAssemblies (0ms)
				RefreshPlugins (1ms)
				BeforeProcessingInitializeOnLoad (61ms)
				ProcessInitializeOnLoadAttributes (211ms)
				ProcessInitializeOnLoadMethodAttributes (21ms)
				AfterProcessingInitializeOnLoad (2ms)
				EditorAssembliesLoaded (1ms)
			ExecutionOrderSort2 (0ms)
			AwakeInstancesAfterBackupRestoration (3ms)
Platform modules already initialized, skipping
Refreshing native plugins compatible for Editor in 1.69 ms, found 2 plugins.
Preloading 0 native plugins for Editor in 0.00 ms.
Unloading 3357 Unused Serialized files (Serialized files now loaded: 0)
Unloading 23 unused Assets / (65.9 KB). Loaded Objects now: 3874.
Memory consumption went from 133.8 MB to 133.7 MB.
Total: 3.540125 ms (FindLiveObjects: 0.131833 ms CreateObjectMapping: 0.105584 ms MarkObjects: 3.172541 ms  DeleteObjects: 0.129417 ms)

AssetImportParameters requested are different than current active one (requested -> active):
  custom:video-decoder-ogg-theora: a1e56fd34408186e4bbccfd4996cb3dc -> 
  custom:container-muxer-webm: aa71ff27fc2769a1b78a27578f13a17b -> 
  custom:container-demuxer-webm: 4f35f7cbe854078d1ac9338744f61a02 -> 
  custom:video-encoder-webm-vp8: eb34c28f22e8b96e1ab97ce403110664 -> 
  custom:framework-osx-AVFoundation: e770b220cccbd017edd2c1fefb359320 -> 
  custom:audio-encoder-webm-vorbis: bf7c407c2cedff20999df2af8eb42d56 -> 
  custom:container-demuxer-ogg: 62fdf1f143b41e24485cea50d1cbac27 -> 
  custom:video-decoder-webm-vp8: 9c59270c3fd7afecdb556c50c9e8de78 -> 
  custom:audio-decoder-ogg-vorbis: bf7c407c2cedff20999df2af8eb42d56 -> 
